 
****************************************
Report : area
Design : Top_2
Version: Q-2019.12-SP5-5
Date   : Sun May 12 21:45:07 2024
****************************************

Library(s) Used:

    saed32rvt_ff1p16v125c (File: /data3/Class/SID/2024_1/2024_1_sid80/lib/SAED32_EDK/saed32rvt_ff1p16v125c.db)

Number of ports:                         2667
Number of nets:                          3964
Number of cells:                         1658
Number of combinational cells:           1045
Number of sequential cells:               224
Number of macros/black boxes:               0
Number of buf/inv:                         90
Number of references:                      17

Combinational area:               3407.562724
Buf/Inv area:                      141.558209
Noncombinational area:            1282.918951
Macro/Black Box area:                0.000000
Net Interconnect area:             867.690785

Total cell area:                  4690.481675
Total area:                       5558.172460
1
