Flow report for pr1
Wed Apr 05 20:49:47 2023
Quartus II 64-Bit Version 13.1.0 Build 162 10/23/2013 SJ Web Edition


---------------------
; Table of Contents ;
---------------------
  1. Legal Notice
  2. Flow Summary
  3. Flow Settings
  4. Flow Non-Default Global Settings
  5. Flow Elapsed Time
  6. Flow OS Summary
  7. Flow Log
  8. Flow Messages
  9. Flow Suppressed Messages



----------------
; Legal Notice ;
----------------
Copyright (C) 1991-2013 Altera Corporation
Your use of Altera Corporation's design tools, logic functions 
and other software and tools, and its AMPP partner logic 
functions, and any output files from any of the foregoing 
(including device programming or simulation files), and any 
associated documentation or information are expressly subject 
to the terms and conditions of the Altera Program License 
Subscription Agreement, Altera MegaCore Function License 
Agreement, or other applicable license agreement, including, 
without limitation, that your use is for the sole purpose of 
programming logic devices manufactured by Altera and sold by 
Altera or its authorized distributors.  Please refer to the 
applicable agreement for further details.



+------------------------------------------------------------------------------+
; Flow Summary                                                                 ;
+---------------------------------+--------------------------------------------+
; Flow Status                     ; Successful - Wed Apr 05 20:49:47 2023      ;
; Quartus II 64-Bit Version       ; 13.1.0 Build 162 10/23/2013 SJ Web Edition ;
; Revision Name                   ; pr1                                        ;
; Top-level Entity Name           ; pr1                                        ;
; Family                          ; Cyclone V                                  ;
; Device                          ; 5CGXFC7C7F23C8                             ;
; Timing Models                   ; Final                                      ;
; Logic utilization (in ALMs)     ; 1 / 56,480 ( < 1 % )                       ;
; Total registers                 ; 0                                          ;
; Total pins                      ; 5 / 268 ( 2 % )                            ;
; Total virtual pins              ; 0                                          ;
; Total block memory bits         ; 0 / 7,024,640 ( 0 % )                      ;
; Total DSP Blocks                ; 0 / 156 ( 0 % )                            ;
; Total HSSI RX PCSs              ; 0 / 6 ( 0 % )                              ;
; Total HSSI PMA RX Deserializers ; 0 / 6 ( 0 % )                              ;
; Total HSSI TX PCSs              ; 0 / 6 ( 0 % )                              ;
; Total HSSI TX Channels          ; 0 / 6 ( 0 % )                              ;
; Total PLLs                      ; 0 / 13 ( 0 % )                             ;
; Total DLLs                      ; 0 / 4 ( 0 % )                              ;
+---------------------------------+--------------------------------------------+


+-----------------------------------------+
; Flow Settings                           ;
+-------------------+---------------------+
; Option            ; Setting             ;
+-------------------+---------------------+
; Start date & time ; 04/05/2023 20:44:09 ;
; Main task         ; Compilation         ;
; Revision Name     ; pr1                 ;
+-------------------+---------------------+


+-----------------------------------------------------------------------------------------------------------------------------------+
; Flow Non-Default Global Settings                                                                                                  ;
+-------------------------------------+----------------------------------------------+---------------+-------------+----------------+
; Assignment Name                     ; Value                                        ; Default Value ; Entity Name ; Section Id     ;
+-------------------------------------+----------------------------------------------+---------------+-------------+----------------+
; COMPILER_SIGNATURE_ID               ; 172308999939674.168069504909956              ; --            ; --          ; --             ;
; EDA_GENERATE_FUNCTIONAL_NETLIST     ; On                                           ; --            ; --          ; eda_simulation ;
; EDA_NETLIST_WRITER_OUTPUT_DIR       ; C:/Users/junea/Desktop/CA_1/simulation/qsim/ ; --            ; --          ; eda_simulation ;
; EDA_OUTPUT_DATA_FORMAT              ; Verilog Hdl                                  ; --            ; --          ; eda_simulation ;
; EDA_SIMULATION_TOOL                 ; ModelSim-Altera (Verilog)                    ; <None>        ; --          ; --             ;
; MAX_CORE_JUNCTION_TEMP              ; 85                                           ; --            ; --          ; --             ;
; MIN_CORE_JUNCTION_TEMP              ; 0                                            ; --            ; --          ; --             ;
; PARTITION_COLOR                     ; 16764057                                     ; --            ; --          ; Top            ;
; PARTITION_FITTER_PRESERVATION_LEVEL ; PLACEMENT_AND_ROUTING                        ; --            ; --          ; Top            ;
; PARTITION_NETLIST_TYPE              ; SOURCE                                       ; --            ; --          ; Top            ;
; PROJECT_OUTPUT_DIRECTORY            ; output_files                                 ; --            ; --          ; --             ;
+-------------------------------------+----------------------------------------------+---------------+-------------+----------------+


+-------------------------------------------------------------------------------------------------------------------------------+
; Flow Elapsed Time                                                                                                             ;
+---------------------------+--------------+-------------------------+---------------------+------------------------------------+
; Module Name               ; Elapsed Time ; Average Processors Used ; Peak Virtual Memory ; Total CPU Time (on all processors) ;
+---------------------------+--------------+-------------------------+---------------------+------------------------------------+
; Analysis & Synthesis      ; 00:00:02     ; 1.0                     ; 4675 MB             ; 00:00:01                           ;
; Fitter                    ; 00:00:43     ; 1.0                     ; 5830 MB             ; 00:00:35                           ;
; Assembler                 ; 00:00:14     ; 1.0                     ; 4757 MB             ; 00:00:10                           ;
; TimeQuest Timing Analyzer ; 00:00:07     ; 1.0                     ; 4939 MB             ; 00:00:05                           ;
; EDA Netlist Writer        ; 00:00:01     ; 1.0                     ; 4626 MB             ; 00:00:01                           ;
; EDA Netlist Writer        ; 00:00:02     ; 1.0                     ; 4626 MB             ; 00:00:01                           ;
; EDA Netlist Writer        ; 00:00:01     ; 1.0                     ; 4613 MB             ; 00:00:01                           ;
; Total                     ; 00:01:10     ; --                      ; --                  ; 00:00:54                           ;
+---------------------------+--------------+-------------------------+---------------------+------------------------------------+


+----------------------------------------------------------------------------------------+
; Flow OS Summary                                                                        ;
+---------------------------+------------------+-----------+------------+----------------+
; Module Name               ; Machine Hostname ; OS Name   ; OS Version ; Processor type ;
+---------------------------+------------------+-----------+------------+----------------+
; Analysis & Synthesis      ; DESKTOP-M06T7BK  ; Windows 7 ; 6.2        ; x86_64         ;
; Fitter                    ; DESKTOP-M06T7BK  ; Windows 7 ; 6.2        ; x86_64         ;
; Assembler                 ; DESKTOP-M06T7BK  ; Windows 7 ; 6.2        ; x86_64         ;
; TimeQuest Timing Analyzer ; DESKTOP-M06T7BK  ; Windows 7 ; 6.2        ; x86_64         ;
; EDA Netlist Writer        ; DESKTOP-M06T7BK  ; Windows 7 ; 6.2        ; x86_64         ;
; EDA Netlist Writer        ; DESKTOP-M06T7BK  ; Windows 7 ; 6.2        ; x86_64         ;
; EDA Netlist Writer        ; DESKTOP-M06T7BK  ; Windows 7 ; 6.2        ; x86_64         ;
+---------------------------+------------------+-----------+------------+----------------+


------------
; Flow Log ;
------------
quartus_map --read_settings_files=on --write_settings_files=off pr1 -c pr1
quartus_fit --read_settings_files=off --write_settings_files=off pr1 -c pr1
quartus_asm --read_settings_files=off --write_settings_files=off pr1 -c pr1
quartus_sta pr1 -c pr1
quartus_eda --gen_testbench --check_outputs=on --tool=modelsim_oem --format=verilog pr1 -c pr1 --vector_source=E:/CA_1/results.vwf --testbench_file=E:/CA_1/simulation/qsim/results.vwf.vt
quartus_eda --functional=on --flatten_buses=off --simulation=on --tool=modelsim_oem --format=verilog --output_directory=E:/CA_1/simulation/qsim/ pr1 -c pr1
quartus_eda --read_settings_files=off --write_settings_files=off pr1 -c pr1



