 
****************************************
Report : area
Design : Top_2
Version: Q-2019.12-SP5-5
Date   : Sun May 12 21:43:09 2024
****************************************

Library(s) Used:

    saed32rvt_ff1p16v125c (File: /data3/Class/SID/2024_1/2024_1_sid80/lib/SAED32_EDK/saed32rvt_ff1p16v125c.db)

Number of ports:                         2667
Number of nets:                          3922
Number of cells:                         1617
Number of combinational cells:           1004
Number of sequential cells:               224
Number of macros/black boxes:               0
Number of buf/inv:                         62
Number of references:                      10

Combinational area:               3332.336101
Buf/Inv area:                       87.933825
Noncombinational area:            1282.918951
Macro/Black Box area:                0.000000
Net Interconnect area:             859.373308

Total cell area:                  4615.255052
Total area:                       5474.628360
1
