 
****************************************
Report : area
Design : Top_1
Version: Q-2019.12-SP5-5
Date   : Sun May 12 21:44:47 2024
****************************************

Library(s) Used:

    saed32rvt_ff1p16v125c (File: /data3/Class/SID/2024_1/2024_1_sid80/lib/SAED32_EDK/saed32rvt_ff1p16v125c.db)

Number of ports:                          847
Number of nets:                          1771
Number of cells:                         1039
Number of combinational cells:            722
Number of sequential cells:               224
Number of macros/black boxes:               0
Number of buf/inv:                        369
Number of references:                      36

Combinational area:               1891.085506
Buf/Inv area:                      834.608897
Noncombinational area:            1309.095779
Macro/Black Box area:                0.000000
Net Interconnect area:             409.539596

Total cell area:                  3200.181286
Total area:                       3609.720882
1
