 
****************************************
Report : area
Design : Top_4
Version: Q-2019.12-SP5-5
Date   : Sun May 12 21:47:28 2024
****************************************

Library(s) Used:

    saed32rvt_ff1p16v125c (File: /data3/Class/SID/2024_1/2024_1_sid80/lib/SAED32_EDK/saed32rvt_ff1p16v125c.db)

Number of ports:                         1757
Number of nets:                          2767
Number of cells:                         1246
Number of combinational cells:            780
Number of sequential cells:               224
Number of macros/black boxes:               0
Number of buf/inv:                        134
Number of references:                      16

Combinational area:               2375.992244
Buf/Inv area:                      216.530690
Noncombinational area:            1269.957609
Macro/Black Box area:                0.000000
Net Interconnect area:             565.382029

Total cell area:                  3645.949854
Total area:                       4211.331883
1
