 
****************************************
Report : area
Design : Top_1
Version: Q-2019.12-SP5-5
Date   : Sun May 12 21:42:52 2024
****************************************

Library(s) Used:

    saed32rvt_ff1p16v125c (File: /data3/Class/SID/2024_1/2024_1_sid80/lib/SAED32_EDK/saed32rvt_ff1p16v125c.db)

Number of ports:                          847
Number of nets:                          1299
Number of cells:                          576
Number of combinational cells:            261
Number of sequential cells:               224
Number of macros/black boxes:               0
Number of buf/inv:                         35
Number of references:                      10

Combinational area:                874.763643
Buf/Inv area:                       48.287361
Noncombinational area:            1301.217316
Macro/Black Box area:                0.000000
Net Interconnect area:             359.912161

Total cell area:                  2175.980958
Total area:                       2535.893119
1
