Information: Updating design information... (UID-85)
 
****************************************
Report : timing
        -path full
        -delay max
        -max_paths 1
Design : Top_1
Version: Q-2019.12-SP5-5
Date   : Sun May 12 21:42:52 2024
****************************************

Operating Conditions: ff1p16v125c   Library: saed32rvt_ff1p16v125c
Wire Load Model Mode: enclosed

  Startpoint: DFF_B_tri_enable_reg[1]/CLK
              (internal path startpoint clocked by clk)
  Endpoint: DFF_Result_reg[31]
            (rising edge-triggered flip-flop clocked by clk)
  Path Group: clk
  Path Type: max

  Des/Clust/Port     Wire Load Model       Library
  ------------------------------------------------
  Top_1              8000                  saed32rvt_ff1p16v125c
  FA_1bit_31         ForQA                 saed32rvt_ff1p16v125c
  RCA_4bit_8         ForQA                 saed32rvt_ff1p16v125c
  RCA_32bit_1        8000                  saed32rvt_ff1p16v125c
  RCA_4bit_7         ForQA                 saed32rvt_ff1p16v125c
  RCA_4bit_6         ForQA                 saed32rvt_ff1p16v125c
  RCA_4bit_5         ForQA                 saed32rvt_ff1p16v125c
  RCA_4bit_4         ForQA                 saed32rvt_ff1p16v125c
  RCA_4bit_3         ForQA                 saed32rvt_ff1p16v125c
  RCA_4bit_2         ForQA                 saed32rvt_ff1p16v125c
  RCA_4bit_1         ForQA                 saed32rvt_ff1p16v125c

  Point                                                   Incr       Path
  --------------------------------------------------------------------------
  clock clk (rise edge)                                   0.00       0.00
  clock network delay (ideal)                             0.00       0.00
  input external delay                                    0.00       0.00 r
  DFF_B_tri_enable_reg[1]/CLK (DFFASX1_RVT)               0.00       0.00 r
  DFF_B_tri_enable_reg[1]/QN (DFFASX1_RVT)                0.05       0.05 f
  DFF_B_tri[1]/Y (TNBUFFX1_RVT)                           0.02       0.08 f
  module_B/B[1] (RCA_32bit_1)                             0.00       0.08 f
  module_B/RCA000/B[1] (RCA_4bit_8)                       0.00       0.08 f
  module_B/RCA000/FA01/B (FA_1bit_31)                     0.00       0.08 f
  module_B/RCA000/FA01/U1/Y (XOR2X1_RVT)                  0.44       0.52 r
  module_B/RCA000/FA01/U3/Y (AO22X1_RVT)                  0.04       0.56 r
  module_B/RCA000/FA01/Cout (FA_1bit_31)                  0.00       0.56 r
  module_B/RCA000/FA10/Cin (FA_1bit_30)                   0.00       0.56 r
  module_B/RCA000/FA10/U3/Y (AO22X1_RVT)                  0.05       0.60 r
  module_B/RCA000/FA10/Cout (FA_1bit_30)                  0.00       0.60 r
  module_B/RCA000/FA11/Cin (FA_1bit_29)                   0.00       0.60 r
  module_B/RCA000/FA11/U3/Y (AO22X1_RVT)                  0.04       0.65 r
  module_B/RCA000/FA11/Cout (FA_1bit_29)                  0.00       0.65 r
  module_B/RCA000/Cout (RCA_4bit_8)                       0.00       0.65 r
  module_B/RCA001/Cin (RCA_4bit_7)                        0.00       0.65 r
  module_B/RCA001/HA00/Cin (FA_1bit_28)                   0.00       0.65 r
  module_B/RCA001/HA00/U3/Y (AO22X1_RVT)                  0.05       0.69 r
  module_B/RCA001/HA00/Cout (FA_1bit_28)                  0.00       0.69 r
  module_B/RCA001/FA01/Cin (FA_1bit_27)                   0.00       0.69 r
  module_B/RCA001/FA01/U3/Y (AO22X1_RVT)                  0.05       0.74 r
  module_B/RCA001/FA01/Cout (FA_1bit_27)                  0.00       0.74 r
  module_B/RCA001/FA10/Cin (FA_1bit_26)                   0.00       0.74 r
  module_B/RCA001/FA10/U3/Y (AO22X1_RVT)                  0.05       0.79 r
  module_B/RCA001/FA10/Cout (FA_1bit_26)                  0.00       0.79 r
  module_B/RCA001/FA11/Cin (FA_1bit_25)                   0.00       0.79 r
  module_B/RCA001/FA11/U3/Y (AO22X1_RVT)                  0.04       0.83 r
  module_B/RCA001/FA11/Cout (FA_1bit_25)                  0.00       0.83 r
  module_B/RCA001/Cout (RCA_4bit_7)                       0.00       0.83 r
  module_B/RCA010/Cin (RCA_4bit_6)                        0.00       0.83 r
  module_B/RCA010/HA00/Cin (FA_1bit_24)                   0.00       0.83 r
  module_B/RCA010/HA00/U1/Y (AO22X1_RVT)                  0.05       0.88 r
  module_B/RCA010/HA00/Cout (FA_1bit_24)                  0.00       0.88 r
  module_B/RCA010/FA01/Cin (FA_1bit_23)                   0.00       0.88 r
  module_B/RCA010/FA01/U3/Y (AO22X1_RVT)                  0.05       0.93 r
  module_B/RCA010/FA01/Cout (FA_1bit_23)                  0.00       0.93 r
  module_B/RCA010/FA10/Cin (FA_1bit_22)                   0.00       0.93 r
  module_B/RCA010/FA10/U3/Y (AO22X1_RVT)                  0.05       0.97 r
  module_B/RCA010/FA10/Cout (FA_1bit_22)                  0.00       0.97 r
  module_B/RCA010/FA11/Cin (FA_1bit_21)                   0.00       0.97 r
  module_B/RCA010/FA11/U2/Y (AO22X1_RVT)                  0.04       1.02 r
  module_B/RCA010/FA11/Cout (FA_1bit_21)                  0.00       1.02 r
  module_B/RCA010/Cout (RCA_4bit_6)                       0.00       1.02 r
  module_B/RCA011/Cin (RCA_4bit_5)                        0.00       1.02 r
  module_B/RCA011/HA00/Cin (FA_1bit_20)                   0.00       1.02 r
  module_B/RCA011/HA00/U2/Y (AO22X1_RVT)                  0.05       1.06 r
  module_B/RCA011/HA00/Cout (FA_1bit_20)                  0.00       1.06 r
  module_B/RCA011/FA01/Cin (FA_1bit_19)                   0.00       1.06 r
  module_B/RCA011/FA01/U3/Y (AO22X1_RVT)                  0.05       1.11 r
  module_B/RCA011/FA01/Cout (FA_1bit_19)                  0.00       1.11 r
  module_B/RCA011/FA10/Cin (FA_1bit_18)                   0.00       1.11 r
  module_B/RCA011/FA10/U3/Y (AO22X1_RVT)                  0.05       1.16 r
  module_B/RCA011/FA10/Cout (FA_1bit_18)                  0.00       1.16 r
  module_B/RCA011/FA11/Cin (FA_1bit_17)                   0.00       1.16 r
  module_B/RCA011/FA11/U3/Y (AO22X1_RVT)                  0.04       1.20 r
  module_B/RCA011/FA11/Cout (FA_1bit_17)                  0.00       1.20 r
  module_B/RCA011/Cout (RCA_4bit_5)                       0.00       1.20 r
  module_B/RCA100/Cin (RCA_4bit_4)                        0.00       1.20 r
  module_B/RCA100/HA00/Cin (FA_1bit_16)                   0.00       1.20 r
  module_B/RCA100/HA00/U3/Y (AO22X1_RVT)                  0.05       1.25 r
  module_B/RCA100/HA00/Cout (FA_1bit_16)                  0.00       1.25 r
  module_B/RCA100/FA01/Cin (FA_1bit_15)                   0.00       1.25 r
  module_B/RCA100/FA01/U3/Y (AO22X1_RVT)                  0.05       1.29 r
  module_B/RCA100/FA01/Cout (FA_1bit_15)                  0.00       1.29 r
  module_B/RCA100/FA10/Cin (FA_1bit_14)                   0.00       1.29 r
  module_B/RCA100/FA10/U4/Y (AO22X1_RVT)                  0.05       1.34 r
  module_B/RCA100/FA10/Cout (FA_1bit_14)                  0.00       1.34 r
  module_B/RCA100/FA11/Cin (FA_1bit_13)                   0.00       1.34 r
  module_B/RCA100/FA11/U1/Y (AO22X1_RVT)                  0.04       1.39 r
  module_B/RCA100/FA11/Cout (FA_1bit_13)                  0.00       1.39 r
  module_B/RCA100/Cout (RCA_4bit_4)                       0.00       1.39 r
  module_B/RCA101/Cin (RCA_4bit_3)                        0.00       1.39 r
  module_B/RCA101/HA00/Cin (FA_1bit_12)                   0.00       1.39 r
  module_B/RCA101/HA00/U3/Y (AO22X1_RVT)                  0.05       1.43 r
  module_B/RCA101/HA00/Cout (FA_1bit_12)                  0.00       1.43 r
  module_B/RCA101/FA01/Cin (FA_1bit_11)                   0.00       1.43 r
  module_B/RCA101/FA01/U2/Y (AO22X1_RVT)                  0.05       1.48 r
  module_B/RCA101/FA01/Cout (FA_1bit_11)                  0.00       1.48 r
  module_B/RCA101/FA10/Cin (FA_1bit_10)                   0.00       1.48 r
  module_B/RCA101/FA10/U2/Y (AO22X1_RVT)                  0.05       1.53 r
  module_B/RCA101/FA10/Cout (FA_1bit_10)                  0.00       1.53 r
  module_B/RCA101/FA11/Cin (FA_1bit_9)                    0.00       1.53 r
  module_B/RCA101/FA11/U3/Y (AO22X1_RVT)                  0.04       1.57 r
  module_B/RCA101/FA11/Cout (FA_1bit_9)                   0.00       1.57 r
  module_B/RCA101/Cout (RCA_4bit_3)                       0.00       1.57 r
  module_B/RCA110/Cin (RCA_4bit_2)                        0.00       1.57 r
  module_B/RCA110/HA00/Cin (FA_1bit_8)                    0.00       1.57 r
  module_B/RCA110/HA00/U2/Y (AO22X1_RVT)                  0.05       1.62 r
  module_B/RCA110/HA00/Cout (FA_1bit_8)                   0.00       1.62 r
  module_B/RCA110/FA01/Cin (FA_1bit_7)                    0.00       1.62 r
  module_B/RCA110/FA01/U3/Y (AO22X1_RVT)                  0.05       1.66 r
  module_B/RCA110/FA01/Cout (FA_1bit_7)                   0.00       1.66 r
  module_B/RCA110/FA10/Cin (FA_1bit_6)                    0.00       1.66 r
  module_B/RCA110/FA10/U2/Y (AO22X1_RVT)                  0.05       1.71 r
  module_B/RCA110/FA10/Cout (FA_1bit_6)                   0.00       1.71 r
  module_B/RCA110/FA11/Cin (FA_1bit_5)                    0.00       1.71 r
  module_B/RCA110/FA11/U2/Y (AO22X1_RVT)                  0.04       1.76 r
  module_B/RCA110/FA11/Cout (FA_1bit_5)                   0.00       1.76 r
  module_B/RCA110/Cout (RCA_4bit_2)                       0.00       1.76 r
  module_B/RCA111/Cin (RCA_4bit_1)                        0.00       1.76 r
  module_B/RCA111/HA00/Cin (FA_1bit_4)                    0.00       1.76 r
  module_B/RCA111/HA00/U2/Y (AO22X1_RVT)                  0.05       1.81 r
  module_B/RCA111/HA00/Cout (FA_1bit_4)                   0.00       1.81 r
  module_B/RCA111/FA01/Cin (FA_1bit_3)                    0.00       1.81 r
  module_B/RCA111/FA01/U3/Y (AO22X1_RVT)                  0.05       1.85 r
  module_B/RCA111/FA01/Cout (FA_1bit_3)                   0.00       1.85 r
  module_B/RCA111/FA10/Cin (FA_1bit_2)                    0.00       1.85 r
  module_B/RCA111/FA10/U2/Y (AO22X1_RVT)                  0.05       1.90 r
  module_B/RCA111/FA10/Cout (FA_1bit_2)                   0.00       1.90 r
  module_B/RCA111/FA11/Cin (FA_1bit_1)                    0.00       1.90 r
  module_B/RCA111/FA11/U2/Y (XOR2X1_RVT)                  0.03       1.93 r
  module_B/RCA111/FA11/C (FA_1bit_1)                      0.00       1.93 r
  module_B/RCA111/C[3] (RCA_4bit_1)                       0.00       1.93 r
  module_B/S[31] (RCA_32bit_1)                            0.00       1.93 r
  U34/Y (AO222X1_RVT)                                     0.09       2.02 r
  DFF_Result_reg[31]/D (DFFX1_RVT)                        0.00       2.02 r
  data arrival time                                                  2.02

  clock clk (rise edge)                                  10.00      10.00
  clock network delay (ideal)                             0.00      10.00
  DFF_Result_reg[31]/CLK (DFFX1_RVT)                      0.00      10.00 r
  library setup time                                     -0.02       9.98
  data required time                                                 9.98
  --------------------------------------------------------------------------
  data required time                                                 9.98
  data arrival time                                                 -2.02
  --------------------------------------------------------------------------
  slack (MET)                                                        7.95


1
