 
****************************************
Report : area
Design : Top_5
Version: Q-2019.12-SP5-5
Date   : Sun May 12 21:44:04 2024
****************************************

Library(s) Used:

    saed32rvt_ff1p16v125c (File: /data3/Class/SID/2024_1/2024_1_sid80/lib/SAED32_EDK/saed32rvt_ff1p16v125c.db)

Number of ports:                         3495
Number of nets:                          4959
Number of cells:                         1853
Number of combinational cells:           1272
Number of sequential cells:               232
Number of macros/black boxes:               0
Number of buf/inv:                         14
Number of references:                      11

Combinational area:               4256.403697
Buf/Inv area:                       26.939265
Noncombinational area:            1327.648300
Macro/Black Box area:                0.000000
Net Interconnect area:             965.794118

Total cell area:                  5584.051997
Total area:                       6549.846114
1
