 
****************************************
Report : area
Design : Top_4
Version: Q-2019.12-SP5-5
Date   : Sun May 12 21:43:45 2024
****************************************

Library(s) Used:

    saed32rvt_ff1p16v125c (File: /data3/Class/SID/2024_1/2024_1_sid80/lib/SAED32_EDK/saed32rvt_ff1p16v125c.db)

Number of ports:                         1757
Number of nets:                          2612
Number of cells:                         1096
Number of combinational cells:            630
Number of sequential cells:               224
Number of macros/black boxes:               0
Number of buf/inv:                         46
Number of references:                      13

Combinational area:               2103.041584
Buf/Inv area:                       66.839873
Noncombinational area:            1269.195178
Macro/Black Box area:                0.000000
Net Interconnect area:             547.910910

Total cell area:                  3372.236762
Total area:                       3920.147672
1
